<?xml version="1.0" encoding="UTF-8"?>
<testng-results ignored="0" total="1" passed="1" failed="0" skipped="0">
  <reporter-output>
  </reporter-output>
  <suite started-at="2025-02-05T20:12:19 IST" name="Default suite" finished-at="2025-02-05T20:12:24 IST" duration-ms="5043">
    <groups>
    </groups>
    <test started-at="2025-02-05T20:12:19 IST" name="Default test" finished-at="2025-02-05T20:12:24 IST" duration-ms="5043">
      <class name="Campaign.DemoWebShop">
        <test-method signature="shop()[pri:0, instance:Campaign.DemoWebShop@6f4a47c7]" started-at="2025-02-05T20:12:19 IST" name="shop" finished-at="2025-02-05T20:12:24 IST" duration-ms="5010" status="PASS">
          <reporter-output>
          </reporter-output>
        </test-method> <!-- shop -->
      </class> <!-- Campaign.DemoWebShop -->
    </test> <!-- Default test -->
  </suite> <!-- Default suite -->
</testng-results>
