<?xml version="1.0" encoding="UTF-8"?>
<testng-results ignored="0" total="1" passed="1" failed="0" skipped="0">
  <reporter-output>
  </reporter-output>
  <suite started-at="2025-02-05T19:56:22 IST" name="Default suite" finished-at="2025-02-05T19:56:40 IST" duration-ms="18053">
    <groups>
    </groups>
    <test started-at="2025-02-05T19:56:22 IST" name="Default test" finished-at="2025-02-05T19:56:40 IST" duration-ms="18053">
      <class name="Product.CreateProductTest">
        <test-method is-config="true" signature="BS()[pri:0, instance:Product.CreateProductTest@3754a4bf]" started-at="2025-02-05T19:56:22 IST" name="BS" finished-at="2025-02-05T19:56:22 IST" duration-ms="7" status="PASS">
          <reporter-output>
          </reporter-output>
        </test-method> <!-- BS -->
        <test-method is-config="true" signature="BT()[pri:0, instance:Product.CreateProductTest@3754a4bf]" started-at="2025-02-05T19:56:22 IST" name="BT" finished-at="2025-02-05T19:56:22 IST" duration-ms="1" status="PASS">
          <reporter-output>
          </reporter-output>
        </test-method> <!-- BT -->
        <test-method is-config="true" signature="BC()[pri:0, instance:Product.CreateProductTest@3754a4bf]" started-at="2025-02-05T19:56:22 IST" name="BC" finished-at="2025-02-05T19:56:24 IST" duration-ms="1947" status="PASS">
          <reporter-output>
          </reporter-output>
        </test-method> <!-- BC -->
        <test-method is-config="true" signature="BM()[pri:0, instance:Product.CreateProductTest@3754a4bf]" started-at="2025-02-05T19:56:24 IST" name="BM" finished-at="2025-02-05T19:56:28 IST" duration-ms="3687" status="PASS">
          <reporter-output>
          </reporter-output>
        </test-method> <!-- BM -->
        <test-method signature="CreateProductTest()[pri:0, instance:Product.CreateProductTest@3754a4bf]" started-at="2025-02-05T19:56:28 IST" name="CreateProductTest" finished-at="2025-02-05T19:56:38 IST" duration-ms="10798" status="PASS">
          <reporter-output>
          </reporter-output>
        </test-method> <!-- CreateProductTest -->
        <test-method is-config="true" signature="AM()[pri:0, instance:Product.CreateProductTest@3754a4bf]" started-at="2025-02-05T19:56:38 IST" name="AM" finished-at="2025-02-05T19:56:40 IST" duration-ms="1344" status="PASS">
          <reporter-output>
          </reporter-output>
        </test-method> <!-- AM -->
        <test-method is-config="true" signature="AC()[pri:0, instance:Product.CreateProductTest@3754a4bf]" started-at="2025-02-05T19:56:40 IST" name="AC" finished-at="2025-02-05T19:56:40 IST" duration-ms="180" status="PASS">
          <reporter-output>
          </reporter-output>
        </test-method> <!-- AC -->
        <test-method is-config="true" signature="AT()[pri:0, instance:Product.CreateProductTest@3754a4bf]" started-at="2025-02-05T19:56:40 IST" name="AT" finished-at="2025-02-05T19:56:40 IST" duration-ms="0" status="PASS">
          <reporter-output>
          </reporter-output>
        </test-method> <!-- AT -->
        <test-method is-config="true" signature="AS()[pri:0, instance:Product.CreateProductTest@3754a4bf]" started-at="2025-02-05T19:56:40 IST" name="AS" finished-at="2025-02-05T19:56:40 IST" duration-ms="2" status="PASS">
          <reporter-output>
          </reporter-output>
        </test-method> <!-- AS -->
      </class> <!-- Product.CreateProductTest -->
    </test> <!-- Default test -->
  </suite> <!-- Default suite -->
</testng-results>
