<?xml version="1.0" encoding="UTF-8"?>
<testng-results ignored="0" total="1" passed="1" failed="0" skipped="0">
  <reporter-output>
  </reporter-output>
  <suite started-at="2025-02-07T19:20:52 IST" name="Default suite" finished-at="2025-02-07T19:21:17 IST" duration-ms="24416">
    <groups>
    </groups>
    <test started-at="2025-02-07T19:20:52 IST" name="Default test" finished-at="2025-02-07T19:21:17 IST" duration-ms="24416">
      <class name="Product.CreateProductTest">
        <test-method is-config="true" signature="BS()[pri:0, instance:Product.CreateProductTest@3754a4bf]" started-at="2025-02-07T19:20:52 IST" name="BS" finished-at="2025-02-07T19:20:52 IST" duration-ms="6" status="PASS">
          <reporter-output>
          </reporter-output>
        </test-method> <!-- BS -->
        <test-method is-config="true" signature="BT()[pri:0, instance:Product.CreateProductTest@3754a4bf]" started-at="2025-02-07T19:20:52 IST" name="BT" finished-at="2025-02-07T19:20:52 IST" duration-ms="0" status="PASS">
          <reporter-output>
          </reporter-output>
        </test-method> <!-- BT -->
        <test-method is-config="true" signature="BC()[pri:0, instance:Product.CreateProductTest@3754a4bf]" started-at="2025-02-07T19:20:52 IST" name="BC" finished-at="2025-02-07T19:20:54 IST" duration-ms="2284" status="PASS">
          <reporter-output>
          </reporter-output>
        </test-method> <!-- BC -->
        <test-method is-config="true" signature="BM()[pri:0, instance:Product.CreateProductTest@3754a4bf]" started-at="2025-02-07T19:20:54 IST" name="BM" finished-at="2025-02-07T19:20:59 IST" duration-ms="4952" status="PASS">
          <reporter-output>
          </reporter-output>
        </test-method> <!-- BM -->
        <test-method signature="CreateProductTest()[pri:0, instance:Product.CreateProductTest@3754a4bf]" started-at="2025-02-07T19:20:59 IST" name="CreateProductTest" finished-at="2025-02-07T19:21:14 IST" duration-ms="14649" status="PASS">
          <reporter-output>
          </reporter-output>
        </test-method> <!-- CreateProductTest -->
        <test-method is-config="true" signature="AM()[pri:0, instance:Product.CreateProductTest@3754a4bf]" started-at="2025-02-07T19:21:14 IST" name="AM" finished-at="2025-02-07T19:21:16 IST" duration-ms="2077" status="PASS">
          <reporter-output>
          </reporter-output>
        </test-method> <!-- AM -->
        <test-method is-config="true" signature="AC()[pri:0, instance:Product.CreateProductTest@3754a4bf]" started-at="2025-02-07T19:21:16 IST" name="AC" finished-at="2025-02-07T19:21:17 IST" duration-ms="411" status="PASS">
          <reporter-output>
          </reporter-output>
        </test-method> <!-- AC -->
        <test-method is-config="true" signature="AT()[pri:0, instance:Product.CreateProductTest@3754a4bf]" started-at="2025-02-07T19:21:17 IST" name="AT" finished-at="2025-02-07T19:21:17 IST" duration-ms="3" status="PASS">
          <reporter-output>
          </reporter-output>
        </test-method> <!-- AT -->
        <test-method is-config="true" signature="AS()[pri:0, instance:Product.CreateProductTest@3754a4bf]" started-at="2025-02-07T19:21:17 IST" name="AS" finished-at="2025-02-07T19:21:17 IST" duration-ms="0" status="PASS">
          <reporter-output>
          </reporter-output>
        </test-method> <!-- AS -->
      </class> <!-- Product.CreateProductTest -->
    </test> <!-- Default test -->
  </suite> <!-- Default suite -->
</testng-results>
